<?xml version="1.0" encoding="UTF-8"?>
<!-- Generated by org.testng.reporters.JUnitReportReporter -->
<testsuite skipped="0" hostname="DESKTOP-A68OF9S" name="Web.TestAutomation.TestCases.TC_LoginTest_001" tests="1" failures="0" timestamp="2020-02-24T13:54:12 EET" time="5.315" errors="0">
  <testcase name="LoginTest" time="5.315" classname="Web.TestAutomation.TestCases.TC_LoginTest_001"/>
</testsuite> <!-- Web.TestAutomation.TestCases.TC_LoginTest_001 -->
