<?xml version="1.0" encoding="UTF-8"?>
<!-- Generated by org.testng.reporters.JUnitReportReporter -->
<testsuite skipped="0" hostname="DESKTOP-A68OF9S" name="Web.TestAutomation.TestCases.TC_chooseApps_003" tests="1" failures="0" timestamp="2020-01-17T23:01:45 EET" time="0.526" errors="0">
  <testcase name="chooseApps" time="0.526" classname="Web.TestAutomation.TestCases.TC_chooseApps_003"/>
</testsuite> <!-- Web.TestAutomation.TestCases.TC_chooseApps_003 -->
