<?xml version="1.0" encoding="UTF-8"?>
<!-- Generated by org.testng.reporters.JUnitReportReporter -->
<testsuite skipped="0" hostname="DESKTOP-A68OF9S" name="Web.TestAutomation.TestCases.TC_LoginTest_001" tests="1" failures="0" timestamp="2020-01-04T14:12:14 EET" time="3.524" errors="0">
  <testcase name="LoginTest" time="3.524" classname="Web.TestAutomation.TestCases.TC_LoginTest_001"/>
</testsuite> <!-- Web.TestAutomation.TestCases.TC_LoginTest_001 -->
