<?xml version="1.0" encoding="UTF-8"?>
<!-- Generated by org.testng.reporters.JUnitReportReporter -->
<testsuite skipped="0" hostname="DESKTOP-A68OF9S" name="Web.TestAutomation.TestCases.TC_SearchTest_002" tests="1" failures="0" timestamp="2020-01-04T20:52:23 EET" time="4.031" errors="0">
  <testcase name="SearchTest" time="4.031" classname="Web.TestAutomation.TestCases.TC_SearchTest_002"/>
</testsuite> <!-- Web.TestAutomation.TestCases.TC_SearchTest_002 -->
